# JRE version: OpenJDK Runtime Environment (8.0_151-b12) (build 1.8.0_151-8u151-b12-0ubuntu0.16.04.2-b12)
# Java VM: OpenJDK 64-Bit Server VM (25.151-b12 mixed mode linux-amd64 compressed oops)
Heap:
 PSYoungGen      total 164864K, used 13285K [0x00000000ee400000, 0x00000000fa600000, 0x0000000100000000)
  eden space 151552K, 0% used [0x00000000ee400000,0x00000000ee400000,0x00000000f7800000)
  from space 13312K, 99% used [0x00000000f8c00000,0x00000000f98f96c0,0x00000000f9900000)
  to   space 9216K, 0% used [0x00000000f9d00000,0x00000000f9d00000,0x00000000fa600000)
 ParOldGen       total 69120K, used 68392K [0x00000000cac00000, 0x00000000cef80000, 0x00000000ee400000)
  object space 69120K, 98% used [0x00000000cac00000,0x00000000ceeca388,0x00000000cef80000)
 Metaspace       used 30397K, capacity 31644K, committed 31920K, reserved 1077248K
  class space    used 3591K, capacity 3953K, committed 4016K, reserved 1048576K
GC Heap History (10 events):
Event: 5,266 GC heap after
Heap after GC invocations=7 (full 0):
 PSYoungGen      total 62976K, used 5626K [0x00000000ee400000, 0x00000000f6100000, 0x0000000100000000)
  eden space 57344K, 0% used [0x00000000ee400000,0x00000000ee400000,0x00000000f1c00000)
  from space 5632K, 99% used [0x00000000f1c00000,0x00000000f217ea00,0x00000000f2180000)
  to   space 6656K, 0% used [0x00000000f5a80000,0x00000000f5a80000,0x00000000f6100000)
 ParOldGen       total 36864K, used 8946K [0x00000000cac00000, 0x00000000cd000000, 0x00000000ee400000)
  object space 36864K, 24% used [0x00000000cac00000,0x00000000cb4bc8d0,0x00000000cd000000)
 Metaspace       used 16381K, capacity 16654K, committed 16896K, reserved 1064960K
  class space    used 1908K, capacity 2011K, committed 2048K, reserved 1048576K
}
Event: 6,330 GC heap before
{Heap before GC invocations=8 (full 0):
 PSYoungGen      total 62976K, used 62970K [0x00000000ee400000, 0x00000000f6100000, 0x0000000100000000)
  eden space 57344K, 100% used [0x00000000ee400000,0x00000000f1c00000,0x00000000f1c00000)
  from space 5632K, 99% used [0x00000000f1c00000,0x00000000f217ea00,0x00000000f2180000)
  to   space 6656K, 0% used [0x00000000f5a80000,0x00000000f5a80000,0x00000000f6100000)
 ParOldGen       total 36864K, used 8946K [0x00000000cac00000, 0x00000000cd000000, 0x00000000ee400000)
  object space 36864K, 24% used [0x00000000cac00000,0x00000000cb4bc8d0,0x00000000cd000000)
 Metaspace       used 17634K, capacity 18062K, committed 18304K, reserved 1064960K
  class space    used 2020K, capacity 2132K, committed 2176K, reserved 1048576K
Event: 6,361 GC heap after
Heap after GC invocations=8 (full 0):
 PSYoungGen      total 119296K, used 6624K [0x00000000ee400000, 0x00000000f6500000, 0x0000000100000000)
  eden space 112640K, 0% used [0x00000000ee400000,0x00000000ee400000,0x00000000f5200000)
  from space 6656K, 99% used [0x00000000f5a80000,0x00000000f60f8020,0x00000000f6100000)
  to   space 8704K, 0% used [0x00000000f5200000,0x00000000f5200000,0x00000000f5a80000)
 ParOldGen       total 36864K, used 10946K [0x00000000cac00000, 0x00000000cd000000, 0x00000000ee400000)
  object space 36864K, 29% used [0x00000000cac00000,0x00000000cb6b0be0,0x00000000cd000000)
 Metaspace       used 17634K, capacity 18062K, committed 18304K, reserved 1064960K
  class space    used 2020K, capacity 2132K, committed 2176K, reserved 1048576K
}
Event: 7,191 GC heap before
{Heap before GC invocations=9 (full 0):
 PSYoungGen      total 119296K, used 44763K [0x00000000ee400000, 0x00000000f6500000, 0x0000000100000000)
  eden space 112640K, 33% used [0x00000000ee400000,0x00000000f093ee90,0x00000000f5200000)
  from space 6656K, 99% used [0x00000000f5a80000,0x00000000f60f8020,0x00000000f6100000)
  to   space 8704K, 0% used [0x00000000f5200000,0x00000000f5200000,0x00000000f5a80000)
 ParOldGen       total 36864K, used 10946K [0x00000000cac00000, 0x00000000cd000000, 0x00000000ee400000)
  object space 36864K, 29% used [0x00000000cac00000,0x00000000cb6b0be0,0x00000000cd000000)
 Metaspace       used 20690K, capacity 21222K, committed 21296K, reserved 1069056K
  class space    used 2424K, capacity 2568K, committed 2608K, reserved 1048576K
Event: 7,218 GC heap after
Heap after GC invocations=9 (full 0):
 PSYoungGen      total 121344K, used 7062K [0x00000000ee400000, 0x00000000fa600000, 0x0000000100000000)
  eden space 112640K, 0% used [0x00000000ee400000,0x00000000ee400000,0x00000000f5200000)
  from space 8704K, 81% used [0x00000000f5200000,0x00000000f58e5988,0x00000000f5a80000)
  to   space 9216K, 0% used [0x00000000f9d00000,0x00000000f9d00000,0x00000000fa600000)
 ParOldGen       total 36864K, used 12813K [0x00000000cac00000, 0x00000000cd000000, 0x00000000ee400000)
  object space 36864K, 34% used [0x00000000cac00000,0x00000000cb883430,0x00000000cd000000)
 Metaspace       used 20690K, capacity 21222K, committed 21296K, reserved 1069056K
  class space    used 2424K, capacity 2568K, committed 2608K, reserved 1048576K
}
Event: 7,218 GC heap before
{Heap before GC invocations=10 (full 1):
 PSYoungGen      total 121344K, used 7062K [0x00000000ee400000, 0x00000000fa600000, 0x0000000100000000)
  eden space 112640K, 0% used [0x00000000ee400000,0x00000000ee400000,0x00000000f5200000)
  from space 8704K, 81% used [0x00000000f5200000,0x00000000f58e5988,0x00000000f5a80000)
  to   space 9216K, 0% used [0x00000000f9d00000,0x00000000f9d00000,0x00000000fa600000)
 ParOldGen       total 36864K, used 12813K [0x00000000cac00000, 0x00000000cd000000, 0x00000000ee400000)
  object space 36864K, 34% used [0x00000000cac00000,0x00000000cb883430,0x00000000cd000000)
 Metaspace       used 20690K, capacity 21222K, committed 21296K, reserved 1069056K
  class space    used 2424K, capacity 2568K, committed 2608K, reserved 1048576K
Event: 7,346 GC heap after
Heap after GC invocations=10 (full 1):
 PSYoungGen      total 121344K, used 0K [0x00000000ee400000, 0x00000000fa600000, 0x0000000100000000)
  eden space 112640K, 0% used [0x00000000ee400000,0x00000000ee400000,0x00000000f5200000)
  from space 8704K, 0% used [0x00000000f5200000,0x00000000f5200000,0x00000000f5a80000)
  to   space 9216K, 0% used [0x00000000f9d00000,0x00000000f9d00000,0x00000000fa600000)
 ParOldGen       total 35840K, used 11951K [0x00000000cac00000, 0x00000000ccf00000, 0x00000000ee400000)
  object space 35840K, 33% used [0x00000000cac00000,0x00000000cb7abc68,0x00000000ccf00000)
 Metaspace       used 20690K, capacity 21222K, committed 21296K, reserved 1069056K
  class space    used 2424K, capacity 2568K, committed 2608K, reserved 1048576K
}
Event: 10,037 GC heap before
{Heap before GC invocations=11 (full 1):
 PSYoungGen      total 121344K, used 112640K [0x00000000ee400000, 0x00000000fa600000, 0x0000000100000000)
  eden space 112640K, 100% used [0x00000000ee400000,0x00000000f5200000,0x00000000f5200000)
  from space 8704K, 0% used [0x00000000f5200000,0x00000000f5200000,0x00000000f5a80000)
  to   space 9216K, 0% used [0x00000000f9d00000,0x00000000f9d00000,0x00000000fa600000)
 ParOldGen       total 35840K, used 11951K [0x00000000cac00000, 0x00000000ccf00000, 0x00000000ee400000)
  object space 35840K, 33% used [0x00000000cac00000,0x00000000cb7abc68,0x00000000ccf00000)
 Metaspace       used 25502K, capacity 26334K, committed 26544K, reserved 1073152K
  class space    used 2937K, capacity 3125K, committed 3248K, reserved 1048576K
Event: 10,103 GC heap after
Heap after GC invocations=11 (full 1):
 PSYoungGen      total 160768K, used 9204K [0x00000000ee400000, 0x00000000fa600000, 0x0000000100000000)
  eden space 151552K, 0% used [0x00000000ee400000,0x00000000ee400000,0x00000000f7800000)
  from space 9216K, 99% used [0x00000000f9d00000,0x00000000fa5fd300,0x00000000fa600000)
  to   space 13312K, 0% used [0x00000000f8c00000,0x00000000f8c00000,0x00000000f9900000)
 ParOldGen       total 35840K, used 20520K [0x00000000cac00000, 0x00000000ccf00000, 0x00000000ee400000)
  object space 35840K, 57% used [0x00000000cac00000,0x00000000cc00a110,0x00000000ccf00000)
 Metaspace       used 25502K, capacity 26334K, committed 26544K, reserved 1073152K
  class space    used 2937K, capacity 3125K, committed 3248K, reserved 1048576K
}
Event: 12,988 GC heap before
{Heap before GC invocations=12 (full 1):
 PSYoungGen      total 160768K, used 156754K [0x00000000ee400000, 0x00000000fa600000, 0x0000000100000000)
  eden space 151552K, 97% used [0x00000000ee400000,0x00000000f74177d0,0x00000000f7800000)
  from space 9216K, 99% used [0x00000000f9d00000,0x00000000fa5fd300,0x00000000fa600000)
  to   space 13312K, 0% used [0x00000000f8c00000,0x00000000f8c00000,0x00000000f9900000)
 ParOldGen       total 35840K, used 25403K [0x00000000cac00000, 0x00000000ccf00000, 0x00000000ee400000)
  object space 35840K, 70% used [0x00000000cac00000,0x00000000cc4cec60,0x00000000ccf00000)
 Metaspace       used 30397K, capacity 31644K, committed 31920K, reserved 1077248K
  class space    used 3591K, capacity 3953K, committed 4016K, reserved 1048576K

